#
# There is insufficient memory for the Java Runtime Environment to continue.
# Native memory allocation (malloc) failed to allocate 474576 bytes for Chunk::new
# Possible reasons:
#   The system is out of physical RAM or swap space
#   The process is running with CompressedOops enabled, and the Java Heap may be blocking the growth of the native heap
# Possible solutions:
#   Reduce memory load on the system
#   Increase physical memory or swap space
#   Check if swap backing store is full
#   Decrease Java heap size (-Xmx/-Xms)
#   Decrease number of Java threads
#   Decrease Java thread stack sizes (-Xss)
#   Set larger code cache with -XX:ReservedCodeCacheSize=
#   JVM is running with Unscaled Compressed Oops mode in which the Java heap is
#     placed in the first 4GB address space. The Java Heap base address is the
#     maximum limit for the native heap growth. Please use -XX:HeapBaseMinAddress
#     to set the Java Heap base and to place the Java Heap above 4GB virtual address.
# This output file may be truncated or incomplete.
#
#  Out of Memory Error (arena.cpp:168), pid=17480, tid=16152
#
# JRE version: Java(TM) SE Runtime Environment (21.0.9+7) (build 21.0.9+7-LTS-338)
# Java VM: Java HotSpot(TM) 64-Bit Server VM (21.0.9+7-LTS-338, mixed mode, sharing, tiered, compressed oops, compressed class ptrs, g1 gc, windows-amd64)
# No core dump will be written. Minidumps are not enabled by default on client versions of Windows
#

---------------  S U M M A R Y ------------

Command Line: -javaagent:C:\Users\asher\AppData\Local\JetBrains\IntelliJIdea2026.1\captureAgent\debugger-agent.jar=file:///C:/Users/asher/AppData/Local/Temp/capture17536387792042237275.props -ea -Didea.test.cyclic.buffer.size=1048576 -javaagent:C:\Program Files\JetBrains\IntelliJ IDEA 2026.1.4\lib\idea_rt.jar=60996 -Dkotlinx.coroutines.debug.enable.creation.stack.trace=false -Ddebugger.agent.enable.coroutines=true -Dkotlinx.coroutines.debug.enable.flows.stack.trace=true -Dkotlinx.coroutines.debug.enable.mutable.state.flows.stack.trace=true -Ddebugger.async.stack.trace.for.all.threads=true -Dfile.encoding=UTF-8 -Dsun.stdout.encoding=UTF-8 -Dsun.stderr.encoding=UTF-8 com.intellij.rt.testng.RemoteTestNGStarter -usedefaultlisteners false -socket60995 @w@C:\Users\asher\AppData\Local\Temp\idea_working_dirs_testng.tmp -temp C:\Users\asher\AppData\Local\Temp\idea_testng.tmp

Host: AMD Ryzen 5 5600H with Radeon Graphics         , 12 cores, 7G,  Windows 11 , 64 bit Build 26100 (10.0.26100.8521)
Time: Mon Jul 13 09:38:28 2026 India Standard Time elapsed time: 10.081709 seconds (0d 0h 0m 10s)

---------------  T H R E A D  ---------------

Current thread (0x000001dfb6ecc100):  JavaThread "C2 CompilerThread0" daemon [_thread_in_native, id=16152, stack(0x00000094f7500000,0x00000094f7600000) (1024K)]


Current CompileTask:
C2:  10081 2656       4       java.util.HashSet::add (20 bytes)

Stack: [0x00000094f7500000,0x00000094f7600000]
Native frames: (J=compiled Java code, j=interpreted, Vv=VM code, C=native code)
V  [jvm.dll+0x6cbf89]
V  [jvm.dll+0x858421]
V  [jvm.dll+0x85a94e]
V  [jvm.dll+0x85b023]
V  [jvm.dll+0x27ebc6]
V  [jvm.dll+0xc4f4d]
V  [jvm.dll+0xc5483]
V  [jvm.dll+0x3b69c2]
V  [jvm.dll+0x382925]
V  [jvm.dll+0x381d9a]
V  [jvm.dll+0x247640]
V  [jvm.dll+0x246c1f]
V  [jvm.dll+0x1c7a3e]
V  [jvm.dll+0x256329]
V  [jvm.dll+0x2548ba]
V  [jvm.dll+0x3efdee]
V  [jvm.dll+0x80265b]
V  [jvm.dll+0x6ca66d]
C  [ucrtbase.dll+0x2cd30]
C  [KERNEL32.DLL+0x2e957]
C  [ntdll.dll+0x87c1c]


---------------  P R O C E S S  ---------------

Threads class SMR info:
_java_thread_list=0x000001df8017b1e0, length=30, elements={
0x000001df9809cbc0, 0x000001dfb6eb6860, 0x000001dfb6eb92d0, 0x000001dfb6ebb690,
0x000001dfb6ebc220, 0x000001dfb6ebd260, 0x000001dfb6ebdd10, 0x000001dfb6ecc100,
0x000001dfb6ed30c0, 0x000001dfb6ebea30, 0x000001dfb6ebe3a0, 0x000001dfb6ebf0c0,
0x000001dfb6ec0470, 0x000001dfb6ec0b00, 0x000001dffc8fab90, 0x000001dffc8fb220,
0x000001dffc8fe010, 0x000001dffc8fd2f0, 0x000001dffc8fe6a0, 0x000001dffc8ffa50,
0x000001dffc8fc5d0, 0x000001dffc901b20, 0x000001dffc900770, 0x000001dffc9021b0,
0x000001dffc900e00, 0x000001dffc901490, 0x000001dfb6ebfde0, 0x000001dffde1abb0,
0x000001dffde1d9a0, 0x000001dffde1bf60
}

Java Threads: ( => current thread )
  0x000001df9809cbc0 JavaThread "Forwarding quit on session 3801582e36a83755cb1689980fc5a940 to remote"        [_thread_blocked, id=18328, stack(0x00000094f6700000,0x00000094f6800000) (1024K)]
  0x000001dfb6eb6860 JavaThread "Reference Handler"          daemon [_thread_blocked, id=28528, stack(0x00000094f6f00000,0x00000094f7000000) (1024K)]
  0x000001dfb6eb92d0 JavaThread "Finalizer"                  daemon [_thread_blocked, id=3776, stack(0x00000094f7000000,0x00000094f7100000) (1024K)]
  0x000001dfb6ebb690 JavaThread "Signal Dispatcher"          daemon [_thread_blocked, id=13264, stack(0x00000094f7100000,0x00000094f7200000) (1024K)]
  0x000001dfb6ebc220 JavaThread "Attach Listener"            daemon [_thread_blocked, id=3560, stack(0x00000094f7200000,0x00000094f7300000) (1024K)]
  0x000001dfb6ebd260 JavaThread "Service Thread"             daemon [_thread_blocked, id=24076, stack(0x00000094f7300000,0x00000094f7400000) (1024K)]
  0x000001dfb6ebdd10 JavaThread "Monitor Deflation Thread"   daemon [_thread_blocked, id=23560, stack(0x00000094f7400000,0x00000094f7500000) (1024K)]
=>0x000001dfb6ecc100 JavaThread "C2 CompilerThread0"         daemon [_thread_in_native, id=16152, stack(0x00000094f7500000,0x00000094f7600000) (1024K)]
  0x000001dfb6ed30c0 JavaThread "C1 CompilerThread0"         daemon [_thread_blocked, id=3768, stack(0x00000094f7600000,0x00000094f7700000) (1024K)]
  0x000001dfb6ebea30 JavaThread "Common-Cleaner"             daemon [_thread_blocked, id=27628, stack(0x00000094f7700000,0x00000094f7800000) (1024K)]
  0x000001dfb6ebe3a0 JavaThread "IntelliJ Suspend Helper"    daemon [_thread_blocked, id=24536, stack(0x00000094f7800000,0x00000094f7900000) (1024K)]
  0x000001dfb6ebf0c0 JavaThread "CoarseTimer"                daemon [_thread_blocked, id=25252, stack(0x00000094f7900000,0x00000094f7a00000) (1024K)]
  0x000001dfb6ec0470 JavaThread "Monitor Ctrl-Break"         daemon [_thread_in_native, id=11160, stack(0x00000094f7a00000,0x00000094f7b00000) (1024K)]
  0x000001dfb6ec0b00 JavaThread "Notification Thread"        daemon [_thread_blocked, id=26792, stack(0x00000094f7b00000,0x00000094f7c00000) (1024K)]
  0x000001dffc8fab90 JavaThread "RMI TCP Accept-0"           daemon [_thread_in_native, id=3248, stack(0x00000094f7c00000,0x00000094f7d00000) (1024K)]
  0x000001dffc8fb220 JavaThread "RMI TCP Connection(1)-192.168.0.171" daemon [_thread_in_native, id=5140, stack(0x00000094f8500000,0x00000094f8600000) (1024K)]
  0x000001dffc8fe010 JavaThread "RMI Scheduler(0)"           daemon [_thread_blocked, id=26416, stack(0x00000094f8600000,0x00000094f8700000) (1024K)]
  0x000001dffc8fd2f0 JavaThread "JMX server connection timeout 36" daemon [_thread_blocked, id=26780, stack(0x00000094f8700000,0x00000094f8800000) (1024K)]
  0x000001dffc8fe6a0 JavaThread "ForkJoinPool.commonPool-worker-1" daemon [_thread_blocked, id=12420, stack(0x00000094f8800000,0x00000094f8900000) (1024K)]
  0x000001dffc8ffa50 JavaThread "HttpClient-1-SelectorManager" daemon [_thread_in_native, id=8180, stack(0x00000094f8a00000,0x00000094f8b00000) (1024K)]
  0x000001dffc8fc5d0 JavaThread "External Process Output Forwarder - C:\Users\asher\.cache\selenium\chromedriver\win64\150.0.7871.115\chromedriver.exe" daemon [_thread_in_native, id=16212, stack(0x00000094f8b00000,0x00000094f8c00000) (1024K)]
  0x000001dffc901b20 JavaThread "Driver Service Executor"    daemon [_thread_blocked, id=28016, stack(0x00000094f8c00000,0x00000094f8d00000) (1024K)]
  0x000001dffc900770 JavaThread "Driver Service Executor"    daemon [_thread_in_native, id=2400, stack(0x00000094f8d00000,0x00000094f8e00000) (1024K)]
  0x000001dffc9021b0 JavaThread "UrlChecker-2"               daemon [_thread_blocked, id=23304, stack(0x00000094f8e00000,0x00000094f8f00000) (1024K)]
  0x000001dffc900e00 JavaThread "Keep-Alive-Timer"           daemon [_thread_blocked, id=4424, stack(0x00000094f8900000,0x00000094f8a00000) (1024K)]
  0x000001dffc901490 JavaThread "JdkHttpClient-0-0"          daemon [_thread_blocked, id=26008, stack(0x00000094f9300000,0x00000094f9400000) (1024K)]
  0x000001dfb6ebfde0 JavaThread "JdkHttpClient-0-1"          daemon [_thread_blocked, id=25732, stack(0x00000094f9400000,0x00000094f9500000) (1024K)]
  0x000001dffde1abb0 JavaThread "JdkHttpClient-0-2"          daemon [_thread_blocked, id=24640, stack(0x00000094f9500000,0x00000094f9600000) (1024K)]
  0x000001dffde1d9a0 JavaThread "Driver Command Executor"    daemon [_thread_blocked, id=25404, stack(0x00000094f9700000,0x00000094f9800000) (1024K)]
  0x000001dffde1bf60 JavaThread "Driver Command Executor"    daemon [_thread_in_native, id=23272, stack(0x00000094f9800000,0x00000094f9900000) (1024K)]
Total: 30

Other Threads:
  0x000001dfb6e98bc0 VMThread "VM Thread"                           [id=22432, stack(0x00000094f6e00000,0x00000094f6f00000) (1024K)]
  0x000001dfb6e80fe0 WatcherThread "VM Periodic Task Thread"        [id=12024, stack(0x00000094f6d00000,0x00000094f6e00000) (1024K)]
  0x000001df9a3d70e0 WorkerThread "GC Thread#0"                     [id=14440, stack(0x00000094f6800000,0x00000094f6900000) (1024K)]
  0x000001dffd531720 WorkerThread "GC Thread#1"                     [id=14360, stack(0x00000094f7d00000,0x00000094f7e00000) (1024K)]
  0x000001dffd7d2490 WorkerThread "GC Thread#2"                     [id=24372, stack(0x00000094f7e00000,0x00000094f7f00000) (1024K)]
  0x000001dffd7d2840 WorkerThread "GC Thread#3"                     [id=20192, stack(0x00000094f7f00000,0x00000094f8000000) (1024K)]
  0x000001dffd7d2bf0 WorkerThread "GC Thread#4"                     [id=26680, stack(0x00000094f8000000,0x00000094f8100000) (1024K)]
  0x000001dffd7d2fa0 WorkerThread "GC Thread#5"                     [id=25436, stack(0x00000094f8100000,0x00000094f8200000) (1024K)]
  0x000001dffd7d4260 WorkerThread "GC Thread#6"                     [id=2976, stack(0x00000094f8200000,0x00000094f8300000) (1024K)]
  0x000001dffd7d3eb0 WorkerThread "GC Thread#7"                     [id=23348, stack(0x00000094f8300000,0x00000094f8400000) (1024K)]
  0x000001dffd7d3750 WorkerThread "GC Thread#8"                     [id=23356, stack(0x00000094f8400000,0x00000094f8500000) (1024K)]
  0x000001dffd9c1c60 WorkerThread "GC Thread#9"                     [id=29460, stack(0x00000094f9000000,0x00000094f9100000) (1024K)]
  0x000001df9a3e6ae0 ConcurrentGCThread "G1 Main Marker"            [id=2460, stack(0x00000094f6900000,0x00000094f6a00000) (1024K)]
  0x000001df9a3e8380 WorkerThread "G1 Conc#0"                       [id=19464, stack(0x00000094f6a00000,0x00000094f6b00000) (1024K)]
  0x000001dffd9c23c0 WorkerThread "G1 Conc#1"                       [id=8424, stack(0x00000094f9100000,0x00000094f9200000) (1024K)]
  0x000001dffd9c2770 WorkerThread "G1 Conc#2"                       [id=27372, stack(0x00000094f9200000,0x00000094f9300000) (1024K)]
  0x000001dfb6d53590 ConcurrentGCThread "G1 Refine#0"               [id=7320, stack(0x00000094f6b00000,0x00000094f6c00000) (1024K)]
  0x000001dfb6d55dd0 ConcurrentGCThread "G1 Service"                [id=8352, stack(0x00000094f6c00000,0x00000094f6d00000) (1024K)]
Total: 18

Threads with active compile tasks:
C2 CompilerThread0    10170 2656       4       java.util.HashSet::add (20 bytes)
Total: 1

VM state: not at safepoint (normal execution)

VM Mutex/Monitor currently owned by a thread: None

Heap address: 0x000000008a800000, size: 1880 MB, Compressed Oops mode: 32-bit

CDS archive(s) mapped at: [0x000001dfb7000000-0x000001dfb7c90000-0x000001dfb7c90000), size 13172736, SharedBaseAddress: 0x000001dfb7000000, ArchiveRelocationMode: 1.
Compressed class space mapped at: 0x000001dfb8000000-0x000001dff8000000, reserved size: 1073741824
Narrow klass base: 0x000001dfb7000000, Narrow klass shift: 0, Narrow klass range: 0x100000000

GC Precious Log:
 CardTable entry size: 512
 Card Set container configuration: InlinePtr #cards 5 size 8 Array Of Cards #cards 12 size 40 Howl #buckets 4 coarsen threshold 1843 Howl Bitmap #cards 512 size 80 coarsen threshold 460 Card regions per heap region 1 cards per card region 2048
 CPUs: 12 total, 12 available
 Memory: 7518M
 Large Page Support: Disabled
 NUMA Support: Disabled
 Compressed Oops: Enabled (32-bit)
 Heap Region Size: 1M
 Heap Min Capacity: 8M
 Heap Initial Capacity: 118M
 Heap Max Capacity: 1880M
 Pre-touch: Disabled
 Parallel Workers: 10
 Concurrent Workers: 3
 Concurrent Refinement Workers: 10
 Periodic GC: Disabled

Heap:
 garbage-first heap   total 34816K, used 19930K [0x000000008a800000, 0x0000000100000000)
  region size 1024K, 16 young (16384K), 4 survivors (4096K)
 Metaspace       used 23657K, committed 24192K, reserved 1114112K
  class space    used 2716K, committed 2944K, reserved 1048576K

Heap Regions: E=young(eden), S=young(survivor), O=old, HS=humongous(starts), HC=humongous(continues), CS=collection set, F=free, TAMS=top-at-mark-start, PB=parsable bottom
|   0|0x000000008a800000, 0x000000008a900000, 0x000000008a900000|100%| O|  |TAMS 0x000000008a800000| PB 0x000000008a800000| Untracked 
|   1|0x000000008a900000, 0x000000008aa00000, 0x000000008aa00000|100%| O|  |TAMS 0x000000008a900000| PB 0x000000008a900000| Untracked 
|   2|0x000000008aa00000, 0x000000008ab00000, 0x000000008ab00000|100%| O|  |TAMS 0x000000008aa00000| PB 0x000000008aa00000| Untracked 
|   3|0x000000008ab00000, 0x000000008ac00000, 0x000000008ac00000|100%| O|  |TAMS 0x000000008ab00000| PB 0x000000008ab00000| Untracked 
|   4|0x000000008ac00000, 0x000000008ac76b90, 0x000000008ad00000| 46%| O|Cm|TAMS 0x000000008ac00000| PB 0x000000008ac00000| Complete 
|   5|0x000000008ad00000, 0x000000008ad00000, 0x000000008ae00000|  0%| F|  |TAMS 0x000000008ad00000| PB 0x000000008ad00000| Untracked 
|   6|0x000000008ae00000, 0x000000008ae00000, 0x000000008af00000|  0%| F|  |TAMS 0x000000008ae00000| PB 0x000000008ae00000| Untracked 
|   7|0x000000008af00000, 0x000000008af00000, 0x000000008b000000|  0%| F|  |TAMS 0x000000008af00000| PB 0x000000008af00000| Untracked 
|   8|0x000000008b000000, 0x000000008b000000, 0x000000008b100000|  0%| F|  |TAMS 0x000000008b000000| PB 0x000000008b000000| Untracked 
|   9|0x000000008b100000, 0x000000008b100000, 0x000000008b200000|  0%| F|  |TAMS 0x000000008b100000| PB 0x000000008b100000| Untracked 
|  10|0x000000008b200000, 0x000000008b200000, 0x000000008b300000|  0%| F|  |TAMS 0x000000008b200000| PB 0x000000008b200000| Untracked 
|  11|0x000000008b300000, 0x000000008b300000, 0x000000008b400000|  0%| F|  |TAMS 0x000000008b300000| PB 0x000000008b300000| Untracked 
|  12|0x000000008b400000, 0x000000008b400000, 0x000000008b500000|  0%| F|  |TAMS 0x000000008b400000| PB 0x000000008b400000| Untracked 
|  13|0x000000008b500000, 0x000000008b500000, 0x000000008b600000|  0%| F|  |TAMS 0x000000008b500000| PB 0x000000008b500000| Untracked 
|  14|0x000000008b600000, 0x000000008b600000, 0x000000008b700000|  0%| F|  |TAMS 0x000000008b600000| PB 0x000000008b600000| Untracked 
|  15|0x000000008b700000, 0x000000008b700000, 0x000000008b800000|  0%| F|  |TAMS 0x000000008b700000| PB 0x000000008b700000| Untracked 
|  16|0x000000008b800000, 0x000000008b800000, 0x000000008b900000|  0%| F|  |TAMS 0x000000008b800000| PB 0x000000008b800000| Untracked 
|  17|0x000000008b900000, 0x000000008b900000, 0x000000008ba00000|  0%| F|  |TAMS 0x000000008b900000| PB 0x000000008b900000| Untracked 
|  18|0x000000008ba00000, 0x000000008ba70a60, 0x000000008bb00000| 44%| E|  |TAMS 0x000000008ba00000| PB 0x000000008ba00000| Complete 
|  19|0x000000008bb00000, 0x000000008bc00000, 0x000000008bc00000|100%| E|CS|TAMS 0x000000008bb00000| PB 0x000000008bb00000| Complete 
|  20|0x000000008bc00000, 0x000000008bd00000, 0x000000008bd00000|100%| E|CS|TAMS 0x000000008bc00000| PB 0x000000008bc00000| Complete 
|  21|0x000000008bd00000, 0x000000008be00000, 0x000000008be00000|100%| E|CS|TAMS 0x000000008bd00000| PB 0x000000008bd00000| Complete 
|  22|0x000000008be00000, 0x000000008bf00000, 0x000000008bf00000|100%| E|CS|TAMS 0x000000008be00000| PB 0x000000008be00000| Complete 
|  23|0x000000008bf00000, 0x000000008c000000, 0x000000008c000000|100%| E|CS|TAMS 0x000000008bf00000| PB 0x000000008bf00000| Complete 
|  24|0x000000008c000000, 0x000000008c100000, 0x000000008c100000|100%| E|CS|TAMS 0x000000008c000000| PB 0x000000008c000000| Complete 
|  25|0x000000008c100000, 0x000000008c200000, 0x000000008c200000|100%| E|CS|TAMS 0x000000008c100000| PB 0x000000008c100000| Complete 
|  26|0x000000008c200000, 0x000000008c300000, 0x000000008c300000|100%| E|CS|TAMS 0x000000008c200000| PB 0x000000008c200000| Complete 
|  27|0x000000008c300000, 0x000000008c400000, 0x000000008c400000|100%| E|CS|TAMS 0x000000008c300000| PB 0x000000008c300000| Complete 
|  28|0x000000008c400000, 0x000000008c500000, 0x000000008c500000|100%| E|CS|TAMS 0x000000008c400000| PB 0x000000008c400000| Complete 
| 112|0x0000000091800000, 0x0000000091900000, 0x0000000091900000|100%| S|CS|TAMS 0x0000000091800000| PB 0x0000000091800000| Complete 
| 113|0x0000000091900000, 0x0000000091a00000, 0x0000000091a00000|100%| S|CS|TAMS 0x0000000091900000| PB 0x0000000091900000| Complete 
| 114|0x0000000091a00000, 0x0000000091b00000, 0x0000000091b00000|100%| S|CS|TAMS 0x0000000091a00000| PB 0x0000000091a00000| Complete 
| 115|0x0000000091b00000, 0x0000000091c00000, 0x0000000091c00000|100%| S|CS|TAMS 0x0000000091b00000| PB 0x0000000091b00000| Complete 
| 117|0x0000000091d00000, 0x0000000091e00000, 0x0000000091e00000|100%| E|CS|TAMS 0x0000000091d00000| PB 0x0000000091d00000| Complete 

Card table byte_map: [0x000001dfb2130000,0x000001dfb24e0000] _byte_map_base: 0x000001dfb1cdc000

Marking Bits: (CMBitMap*) 0x000001df9a3d7700
 Bits: [0x000001dfb24e0000, 0x000001dfb4240000)

Polling page: 0x000001df98240000

Metaspace:

Usage:
  Non-class:     20.45 MB used.
      Class:      2.65 MB used.
       Both:     23.10 MB used.

Virtual space:
  Non-class space:       64.00 MB reserved,      20.75 MB ( 32%) committed,  1 nodes.
      Class space:        1.00 GB reserved,       2.88 MB ( <1%) committed,  1 nodes.
             Both:        1.06 GB reserved,      23.62 MB (  2%) committed. 

Chunk freelists:
   Non-Class:  11.05 MB
       Class:  13.07 MB
        Both:  24.11 MB

MaxMetaspaceSize: unlimited
CompressedClassSpaceSize: 1.00 GB
Initial GC threshold: 21.00 MB
Current GC threshold: 35.12 MB
CDS: on
 - commit_granule_bytes: 65536.
 - commit_granule_words: 8192.
 - virtual_space_node_default_size: 8388608.
 - enlarge_chunks_in_place: 1.
 - use_allocation_guard: 0.


Internal statistics:

num_allocs_failed_limit: 3.
num_arena_births: 640.
num_arena_deaths: 2.
num_vsnodes_births: 2.
num_vsnodes_deaths: 0.
num_space_committed: 378.
num_space_uncommitted: 0.
num_chunks_returned_to_freelist: 6.
num_chunks_taken_from_freelist: 1168.
num_chunk_merges: 3.
num_chunk_splits: 664.
num_chunks_enlarged: 326.
num_inconsistent_stats: 0.

CodeHeap 'non-profiled nmethods': size=120000Kb used=1000Kb max_used=1000Kb free=118999Kb
 bounds [0x000001dfaa2f0000, 0x000001dfaa560000, 0x000001dfb1820000]
CodeHeap 'profiled nmethods': size=120000Kb used=4960Kb max_used=4960Kb free=115039Kb
 bounds [0x000001dfa2820000, 0x000001dfa2d00000, 0x000001dfa9d50000]
CodeHeap 'non-nmethods': size=5760Kb used=1537Kb max_used=1555Kb free=4222Kb
 bounds [0x000001dfa9d50000, 0x000001dfa9fc0000, 0x000001dfaa2f0000]
 total_blobs=3271 nmethods=2672 adapters=503
 compilation: enabled
              stopped_count=0, restarted_count=0
 full_count=0

Compilation events (20 events):
Event: 9.953 Thread 0x000001dfb6ed30c0 nmethod 2652 0x000001dfaa3e8210 code [0x000001dfaa3e83a0, 0x000001dfaa3e8468]
Event: 9.955 Thread 0x000001dfb6ed30c0 2653   !   3       java.util.regex.Pattern::closure (276 bytes)
Event: 9.956 Thread 0x000001dfb6ecc100 2654       4       java.util.regex.Pattern$SliceI::match (96 bytes)
Event: 9.957 Thread 0x000001dfb6ed30c0 nmethod 2653 0x000001dfa2ceca10 code [0x000001dfa2cece40, 0x000001dfa2cee860]
Event: 9.963 Thread 0x000001dfb6ecc100 nmethod 2654 0x000001dfaa3e8510 code [0x000001dfaa3e86e0, 0x000001dfaa3e8ac0]
Event: 9.972 Thread 0x000001dfb6ed30c0 2655       3       java.util.StringJoiner::add (110 bytes)
Event: 9.973 Thread 0x000001dfb6ed30c0 nmethod 2655 0x000001dfa2cef210 code [0x000001dfa2cef460, 0x000001dfa2cefef8]
Event: 9.981 Thread 0x000001dfb6ecc100 2656       4       java.util.HashSet::add (20 bytes)
Event: 9.981 Thread 0x000001dfb6ed30c0 2657       3       jdk.internal.misc.VM::isModuleSystemInited (13 bytes)
Event: 9.981 Thread 0x000001dfb6ed30c0 nmethod 2657 0x000001dfa2cf0290 code [0x000001dfa2cf0420, 0x000001dfa2cf0578]
Event: 9.981 Thread 0x000001dfb6ed30c0 2658       1       java.lang.Class::getClassLoader0 (5 bytes)
Event: 9.981 Thread 0x000001dfb6ed30c0 nmethod 2658 0x000001dfaa3e8e10 code [0x000001dfaa3e8fa0, 0x000001dfaa3e9068]
Event: 9.981 Thread 0x000001dfb6ed30c0 2659       3       com.intellij.rt.execution.junit.MapSerializerUtil$1::escape (124 bytes)
Event: 9.981 Thread 0x000001dfb6ed30c0 nmethod 2659 0x000001dfa2cf0610 code [0x000001dfa2cf0800, 0x000001dfa2cf0c50]
Event: 9.996 Thread 0x000001dfb6ed30c0 2661       3       java.util.concurrent.ConcurrentHashMap::sumCount (60 bytes)
Event: 9.996 Thread 0x000001dfb6ed30c0 nmethod 2661 0x000001dfa2cf0d10 code [0x000001dfa2cf0ec0, 0x000001dfa2cf1118]
Event: 9.996 Thread 0x000001dfb6ed30c0 2663       3       java.lang.reflect.Executable::getAnnotation (23 bytes)
Event: 9.997 Thread 0x000001dfb6ed30c0 nmethod 2663 0x000001dfa2cf1210 code [0x000001dfa2cf1440, 0x000001dfa2cf1ad8]
Event: 9.997 Thread 0x000001dfb6ed30c0 2662       3       java.lang.reflect.Method::getAnnotation (6 bytes)
Event: 9.998 Thread 0x000001dfb6ed30c0 nmethod 2662 0x000001dfa2cf1d10 code [0x000001dfa2cf1f40, 0x000001dfa2cf2638]

GC Heap History (6 events):
Event: 1.327 GC heap before
{Heap before GC invocations=0 (full 0):
 garbage-first heap   total 120832K, used 22528K [0x000000008a800000, 0x0000000100000000)
  region size 1024K, 23 young (23552K), 0 survivors (0K)
 Metaspace       used 10857K, committed 11008K, reserved 1114112K
  class space    used 1129K, committed 1216K, reserved 1048576K
}
Event: 1.338 GC heap after
{Heap after GC invocations=1 (full 0):
 garbage-first heap   total 120832K, used 4256K [0x000000008a800000, 0x0000000100000000)
  region size 1024K, 3 young (3072K), 3 survivors (3072K)
 Metaspace       used 10857K, committed 11008K, reserved 1114112K
  class space    used 1129K, committed 1216K, reserved 1048576K
}
Event: 3.011 GC heap before
{Heap before GC invocations=1 (full 0):
 garbage-first heap   total 120832K, used 34976K [0x000000008a800000, 0x0000000100000000)
  region size 1024K, 34 young (34816K), 3 survivors (3072K)
 Metaspace       used 20763K, committed 21248K, reserved 1114112K
  class space    used 2320K, committed 2560K, reserved 1048576K
}
Event: 3.024 GC heap after
{Heap after GC invocations=2 (full 0):
 garbage-first heap   total 120832K, used 8878K [0x000000008a800000, 0x0000000100000000)
  region size 1024K, 5 young (5120K), 5 survivors (5120K)
 Metaspace       used 20763K, committed 21248K, reserved 1114112K
  class space    used 2320K, committed 2560K, reserved 1048576K
}
Event: 3.050 GC heap before
{Heap before GC invocations=2 (full 0):
 garbage-first heap   total 120832K, used 9902K [0x000000008a800000, 0x0000000100000000)
  region size 1024K, 7 young (7168K), 5 survivors (5120K)
 Metaspace       used 21081K, committed 21504K, reserved 1114112K
  class space    used 2357K, committed 2560K, reserved 1048576K
}
Event: 3.055 GC heap after
{Heap after GC invocations=3 (full 0):
 garbage-first heap   total 120832K, used 8666K [0x000000008a800000, 0x0000000100000000)
  region size 1024K, 4 young (4096K), 4 survivors (4096K)
 Metaspace       used 21081K, committed 21504K, reserved 1114112K
  class space    used 2357K, committed 2560K, reserved 1048576K
}

Dll operation events (13 events):
Event: 0.031 Loaded shared library C:\Program Files\Java\jdk-21\bin\java.dll
Event: 0.037 Loaded shared library C:\Program Files\Java\jdk-21\bin\zip.dll
Event: 0.093 Loaded shared library C:\Program Files\Java\jdk-21\bin\jsvml.dll
Event: 0.301 Loaded shared library C:\Program Files\Java\jdk-21\bin\instrument.dll
Event: 0.319 Loaded shared library C:\Program Files\Java\jdk-21\bin\net.dll
Event: 0.324 Loaded shared library C:\Program Files\Java\jdk-21\bin\nio.dll
Event: 0.333 Loaded shared library C:\Program Files\Java\jdk-21\bin\jimage.dll
Event: 0.370 Loaded shared library C:\Program Files\Java\jdk-21\bin\zip.dll
Event: 0.590 Loaded shared library C:\Program Files\Java\jdk-21\bin\extnet.dll
Event: 0.624 Loaded shared library C:\Program Files\Java\jdk-21\bin\management.dll
Event: 0.664 Loaded shared library C:\Program Files\Java\jdk-21\bin\verify.dll
Event: 0.675 Loaded shared library C:\Program Files\Java\jdk-21\bin\management_ext.dll
Event: 2.421 Loaded shared library C:\Program Files\Java\jdk-21\bin\sunmscapi.dll

Deoptimization events (20 events):
Event: 2.800 Thread 0x000001df9809cbc0 Uncommon trap: trap_request=0xffffffde fr.pc=0x000001dfaa3b095c relative=0x000000000000071c
Event: 2.800 Thread 0x000001df9809cbc0 Uncommon trap: reason=class_check action=maybe_recompile pc=0x000001dfaa3b095c method=java.util.regex.Matcher.search(I)Z @ 121 c2
Event: 2.800 Thread 0x000001df9809cbc0 DEOPT PACKING pc=0x000001dfaa3b095c sp=0x00000094f67fd490
Event: 2.800 Thread 0x000001df9809cbc0 DEOPT UNPACKING pc=0x000001dfa9da46a2 sp=0x00000094f67fd450 mode 2
Event: 2.800 Thread 0x000001df9809cbc0 Uncommon trap: trap_request=0xffffffc6 fr.pc=0x000001dfaa394f54 relative=0x00000000000003d4
Event: 2.800 Thread 0x000001df9809cbc0 Uncommon trap: reason=bimorphic_or_optimized_type_check action=maybe_recompile pc=0x000001dfaa394f54 method=java.util.regex.Pattern$BmpCharPropertyGreedy.match(Ljava/util/regex/Matcher;ILjava/lang/CharSequence;)Z @ 26 c2
Event: 2.800 Thread 0x000001df9809cbc0 DEOPT PACKING pc=0x000001dfaa394f54 sp=0x00000094f67fd3a0
Event: 2.800 Thread 0x000001df9809cbc0 DEOPT UNPACKING pc=0x000001dfa9da46a2 sp=0x00000094f67fd358 mode 2
Event: 2.841 Thread 0x000001dffc9021b0 Uncommon trap: trap_request=0xffffff45 fr.pc=0x000001dfaa3b0a10 relative=0x00000000000007d0
Event: 2.841 Thread 0x000001dffc9021b0 Uncommon trap: reason=unstable_if action=reinterpret pc=0x000001dfaa3b0a10 method=java.util.regex.Pattern$BmpCharPropertyGreedy.match(Ljava/util/regex/Matcher;ILjava/lang/CharSequence;)Z @ 73 c2
Event: 2.841 Thread 0x000001dffc9021b0 DEOPT PACKING pc=0x000001dfaa3b0a10 sp=0x00000094f8efdf90
Event: 2.841 Thread 0x000001dffc9021b0 DEOPT UNPACKING pc=0x000001dfa9da46a2 sp=0x00000094f8efde60 mode 2
Event: 2.841 Thread 0x000001dffc9021b0 Uncommon trap: trap_request=0xffffffc6 fr.pc=0x000001dfaa394f54 relative=0x00000000000003d4
Event: 2.841 Thread 0x000001dffc9021b0 Uncommon trap: reason=bimorphic_or_optimized_type_check action=maybe_recompile pc=0x000001dfaa394f54 method=java.util.regex.Pattern$BmpCharPropertyGreedy.match(Ljava/util/regex/Matcher;ILjava/lang/CharSequence;)Z @ 26 c2
Event: 2.841 Thread 0x000001dffc9021b0 DEOPT PACKING pc=0x000001dfaa394f54 sp=0x00000094f8efdea0
Event: 2.841 Thread 0x000001dffc9021b0 DEOPT UNPACKING pc=0x000001dfa9da46a2 sp=0x00000094f8efde58 mode 2
Event: 5.173 Thread 0x000001df9809cbc0 Uncommon trap: trap_request=0xffffffcc fr.pc=0x000001dfaa3dd57c relative=0x000000000000033c
Event: 5.174 Thread 0x000001df9809cbc0 Uncommon trap: reason=intrinsic_or_type_checked_inlining action=make_not_entrant pc=0x000001dfaa3dd57c method=java.util.Arrays.copyOf([Ljava/lang/Object;ILjava/lang/Class;)[Ljava/lang/Object; @ 35 c2
Event: 5.174 Thread 0x000001df9809cbc0 DEOPT PACKING pc=0x000001dfaa3dd57c sp=0x00000094f67fed40
Event: 5.174 Thread 0x000001df9809cbc0 DEOPT UNPACKING pc=0x000001dfa9da46a2 sp=0x00000094f67fecd0 mode 2

Classes loaded (20 events):
Event: 9.994 Loading class org/testng/internal/DynamicGraph
Event: 9.994 Loading class org/testng/internal/DynamicGraph done
Event: 9.994 Loading class org/testng/IExecutionVisualiser
Event: 9.994 Loading class org/testng/IExecutionVisualiser done
Event: 9.994 Loading class org/testng/IExecutionVisualiser
Event: 9.994 Loading class org/testng/IExecutionVisualiser done
Event: 9.997 Loading class org/openqa/selenium/devtools/DevTools
Event: 9.997 Loading class org/openqa/selenium/devtools/DevTools done
Event: 9.998 Loading class org/openqa/selenium/remote/http/CloseMessage
Event: 9.998 Loading class org/openqa/selenium/remote/http/CloseMessage done
Event: 10.000 Loading class org/openqa/selenium/remote/http/BinaryMessage
Event: 10.000 Loading class org/openqa/selenium/remote/http/BinaryMessage done
Event: 10.002 Loading class org/openqa/selenium/remote/http/TextMessage
Event: 10.002 Loading class org/openqa/selenium/remote/http/TextMessage done
Event: 10.004 Loading class java/net/http/WebSocket
Event: 10.004 Loading class java/net/http/WebSocket done
Event: 10.004 Loading class java/net/http/WebSocket
Event: 10.004 Loading class java/net/http/WebSocket done
Event: 10.014 Loading class java/nio/StringCharBuffer
Event: 10.023 Loading class java/nio/StringCharBuffer done

Classes unloaded (1 events):
Event: 3.060 Thread 0x000001dfb6e98bc0 Unloading class 0x000001dfb8003400 'java/lang/invoke/LambdaForm$DMH+0x000001dfb8003400'

Classes redefined (1 events):
Event: 0.382 Thread 0x000001dfb6e98bc0 redefined class name=java.lang.Throwable, count=1

Internal exceptions (20 events):
Event: 2.798 Thread 0x000001df9809cbc0 Exception <a 'java/lang/IncompatibleClassChangeError'{0x000000008fe67310}: Found class java.lang.Object, but interface was expected> (0x000000008fe67310) 
thrown [s\open\src\hotspot\share\interpreter\linkResolver.cpp, line 840]
Event: 2.799 Thread 0x000001df9809cbc0 Exception <a 'java/lang/NoSuchMethodError'{0x000000008fe6f5a8}: 'int java.lang.invoke.DirectMethodHandle$Holder.invokeSpecialIFC(java.lang.Object, java.lang.Object, java.lang.Object, java.lang.Object)'> (0x000000008fe6f5a8) 
thrown [s\open\src\hotspot\share\interpreter\linkResolver.cpp, line 773]
Event: 2.804 Thread 0x000001df9809cbc0 Exception <a 'java/lang/NoSuchMethodError'{0x000000008fe97fb8}: 'java.lang.Object java.lang.invoke.DirectMethodHandle$Holder.invokeVirtual(java.lang.Object, java.lang.Object, java.lang.Object, java.lang.Object)'> (0x000000008fe97fb8) 
thrown [s\open\src\hotspot\share\interpreter\linkResolver.cpp, line 773]
Event: 2.860 Thread 0x000001dffc9021b0 Exception <a 'java/net/ConnectException'{0x000000008fd6c790}: Connection refused: getsockopt> (0x000000008fd6c790) 
thrown [s\open\src\hotspot\share\prims\jni.cpp, line 539]
Event: 2.876 Thread 0x000001dffc9021b0 Exception <a 'java/net/ConnectException'{0x000000008fd6e1f0}: Connection refused: getsockopt> (0x000000008fd6e1f0) 
thrown [s\open\src\hotspot\share\prims\jni.cpp, line 539]
Event: 2.905 Thread 0x000001dffc8fb220 Exception <a 'java/lang/NoSuchMethodError'{0x000000008fd8c520}: 'long java.lang.invoke.DelegatingMethodHandle$Holder.reinvoke_L(java.lang.Object, java.lang.Object)'> (0x000000008fd8c520) 
thrown [s\open\src\hotspot\share\interpreter\linkResolver.cpp, line 773]
Event: 2.916 Thread 0x000001dffc9021b0 Exception <a 'java/net/ConnectException'{0x000000008fd6f1a0}: Connection refused: getsockopt> (0x000000008fd6f1a0) 
thrown [s\open\src\hotspot\share\prims\jni.cpp, line 539]
Event: 2.998 Thread 0x000001df9809cbc0 Exception <a 'java/lang/NoSuchMethodError'{0x000000008fca0868}: 'java.lang.Object java.lang.invoke.DirectMethodHandle$Holder.newInvokeSpecial(java.lang.Object, java.lang.Object, int, int)'> (0x000000008fca0868) 
thrown [s\open\src\hotspot\share\interpreter\linkResolver.cpp, line 773]
Event: 2.999 Thread 0x000001df9809cbc0 Exception <a 'java/lang/NoSuchMethodError'{0x000000008fcaaa68}: 'void java.lang.invoke.DirectMethodHandle$Holder.invokeStatic(java.lang.Object, java.lang.Object, int)'> (0x000000008fcaaa68) 
thrown [s\open\src\hotspot\share\interpreter\linkResolver.cpp, line 773]
Event: 3.083 Thread 0x000001dffc901490 Exception <a 'java/lang/NoSuchMethodError'{0x0000000091dfbaa0}: 'java.lang.Object java.lang.invoke.DirectMethodHandle$Holder.invokeSpecial(java.lang.Object, java.lang.Object, java.lang.Object, java.lang.Object, int)'> (0x0000000091dfbaa0) 
thrown [s\open\src\hotspot\share\interpreter\linkResolver.cpp, line 773]
Event: 3.083 Thread 0x000001dffc901490 Exception <a 'java/lang/NoSuchMethodError'{0x0000000091dff460}: 'java.lang.Object java.lang.invoke.Invokers$Holder.linkToTargetMethod(java.lang.Object, java.lang.Object, int, java.lang.Object)'> (0x0000000091dff460) 
thrown [s\open\src\hotspot\share\interpreter\linkResolver.cpp, line 773]
Event: 3.098 Thread 0x000001dffc901490 Exception <a 'java/lang/NoSuchMethodError'{0x000000008c4745a0}: 'void java.lang.invoke.DirectMethodHandle$Holder.invokeSpecial(java.lang.Object, java.lang.Object, java.lang.Object, java.lang.Object, java.lang.Object)'> (0x000000008c4745a0) 
thrown [s\open\src\hotspot\share\interpreter\linkResolver.cpp, line 773]
Event: 3.108 Thread 0x000001dffc901490 Exception <a 'java/lang/NoSuchMethodError'{0x000000008c4d17f8}: 'int java.lang.invoke.DirectMethodHandle$Holder.invokeSpecialIFC(java.lang.Object, java.lang.Object, java.lang.Object, java.lang.Object, java.lang.Object)'> (0x000000008c4d17f8) 
thrown [s\open\src\hotspot\share\interpreter\linkResolver.cpp, line 773]
Event: 4.848 Thread 0x000001dffc901490 Exception <a 'java/lang/NoSuchMethodError'{0x000000008c286130}: 'java.lang.Object java.lang.invoke.DirectMethodHandle$Holder.newInvokeSpecial(java.lang.Object, java.lang.Object, long, java.lang.Object, java.lang.Object, java.lang.Object)'> (0x000000008c286130) 
thrown [s\open\src\hotspot\share\interpreter\linkResolver.cpp, line 773]
Event: 4.855 Thread 0x000001dffc901490 Exception <a 'java/lang/NoSuchMethodError'{0x000000008c29ef58}: 'void java.lang.invoke.DirectMethodHandle$Holder.invokeSpecial(java.lang.Object, java.lang.Object, java.lang.Object, java.lang.Object, java.lang.Object, java.lang.Object, java.lang.Object)'> (0x000000008c29ef58) 
thrown [s\open\src\hotspot\share\interpreter\linkResolver.cpp, line 773]
Event: 4.884 Thread 0x000001df9809cbc0 Exception <a 'java/lang/NoSuchMethodError'{0x0000000091d68fe8}: 'java.lang.Object java.lang.invoke.DirectMethodHandle$Holder.invokeSpecialIFC(java.lang.Object, java.lang.Object, java.lang.Object)'> (0x0000000091d68fe8) 
thrown [s\open\src\hotspot\share\interpreter\linkResolver.cpp, line 773]
Event: 5.084 Thread 0x000001df9809cbc0 Exception <a 'java/lang/ClassNotFoundException'{0x000000008bd30d18}: sun/util/logging/resources/spi/loggingProvider> (0x000000008bd30d18) 
thrown [s\open\src\hotspot\share\classfile\systemDictionary.cpp, line 312]
Event: 5.199 Thread 0x000001df9809cbc0 Exception <a 'java/lang/NoSuchMethodError'{0x000000008bc2be48}: 'void java.lang.invoke.DirectMethodHandle$Holder.invokeInterface(java.lang.Object, java.lang.Object)'> (0x000000008bc2be48) 
thrown [s\open\src\hotspot\share\interpreter\linkResolver.cpp, line 773]
Event: 10.004 Thread 0x000001df9809cbc0 Exception <a 'java/lang/NoSuchMethodError'{0x000000008bbd7e90}: 'java.lang.Object java.lang.invoke.DirectMethodHandle$Holder.invokeStatic(java.lang.Object, java.lang.Object, int, java.lang.Object)'> (0x000000008bbd7e90) 
thrown [s\open\src\hotspot\share\interpreter\linkResolver.cpp, line 773]
Event: 10.007 Thread 0x000001df9809cbc0 Exception <a 'java/lang/NoSuchMethodError'{0x000000008bbde820}: 'java.lang.Object java.lang.invoke.DirectMethodHandle$Holder.newInvokeSpecial(java.lang.Object, java.lang.Object, int, java.lang.Object)'> (0x000000008bbde820) 
thrown [s\open\src\hotspot\share\interpreter\linkResolver.cpp, line 773]

ZGC Phase Switch (0 events):
No events

VM Operations (20 events):
Event: 3.010 Executing VM operation: G1CollectForAllocation (G1 Evacuation Pause)
Event: 3.024 Executing VM operation: G1CollectForAllocation (G1 Evacuation Pause) done
Event: 3.050 Executing VM operation: CollectForMetadataAllocation (Metadata GC Threshold)
Event: 3.055 Executing VM operation: CollectForMetadataAllocation (Metadata GC Threshold) done
Event: 3.060 Executing VM operation: G1PauseRemark
Event: 3.066 Executing VM operation: G1PauseRemark done
Event: 3.067 Executing VM operation: G1PauseCleanup
Event: 3.071 Executing VM operation: G1PauseCleanup done
Event: 4.083 Executing VM operation: Cleanup
Event: 4.083 Executing VM operation: Cleanup done
Event: 4.821 Executing VM operation: HandshakeAllThreads (Deoptimize)
Event: 4.821 Executing VM operation: HandshakeAllThreads (Deoptimize) done
Event: 4.824 Executing VM operation: HandshakeAllThreads (Deoptimize)
Event: 4.824 Executing VM operation: HandshakeAllThreads (Deoptimize) done
Event: 5.826 Executing VM operation: Cleanup
Event: 5.827 Executing VM operation: Cleanup done
Event: 7.842 Executing VM operation: Cleanup
Event: 7.842 Executing VM operation: Cleanup done
Event: 8.850 Executing VM operation: Cleanup
Event: 8.850 Executing VM operation: Cleanup done

Events (20 events):
Event: 1.471 Thread 0x000001dffc8fe010 Thread added: 0x000001dffc8fe010
Event: 1.486 Thread 0x000001dffc8fd2f0 Thread added: 0x000001dffc8fd2f0
Event: 1.801 Thread 0x000001dffc8ff3c0 Thread added: 0x000001dffc8ff3c0
Event: 2.253 Thread 0x000001dffc8ff3c0 Thread exited: 0x000001dffc8ff3c0
Event: 2.327 Thread 0x000001dffc8fe6a0 Thread added: 0x000001dffc8fe6a0
Event: 2.383 Thread 0x000001dffde34d70 Thread added: 0x000001dffde34d70
Event: 2.773 Thread 0x000001dffc8ffa50 Thread added: 0x000001dffc8ffa50
Event: 2.830 Thread 0x000001dffc8fc5d0 Thread added: 0x000001dffc8fc5d0
Event: 2.833 Thread 0x000001dffc901b20 Thread added: 0x000001dffc901b20
Event: 2.834 Thread 0x000001dffc900770 Thread added: 0x000001dffc900770
Event: 2.838 Thread 0x000001dffc9021b0 Thread added: 0x000001dffc9021b0
Event: 2.901 Thread 0x000001dffde34d70 Thread exited: 0x000001dffde34d70
Event: 2.975 Thread 0x000001dffc900e00 Thread added: 0x000001dffc900e00
Event: 3.069 Thread 0x000001dffc901490 Thread added: 0x000001dffc901490
Event: 3.108 Thread 0x000001dfb6ebfde0 Thread added: 0x000001dfb6ebfde0
Event: 3.108 Thread 0x000001dffde1abb0 Thread added: 0x000001dffde1abb0
Event: 4.951 Thread 0x000001dffde1b240 Thread added: 0x000001dffde1b240
Event: 4.954 Thread 0x000001dffde1c5f0 Thread added: 0x000001dffde1c5f0
Event: 4.958 Thread 0x000001dffde1cc80 Thread added: 0x000001dffde1cc80
Event: 4.958 Thread 0x000001dffde1b8d0 Thread added: 0x000001dffde1b8d0


Dynamic libraries:
0x00007ff7a0bf0000 - 0x00007ff7a0c00000 	C:\Program Files\Java\jdk-21\bin\java.exe
0x00007ffea86a0000 - 0x00007ffea8906000 	C:\windows\SYSTEM32\ntdll.dll
0x00007ffea6480000 - 0x00007ffea6549000 	C:\windows\System32\KERNEL32.DLL
0x00007ffea5930000 - 0x00007ffea5d2a000 	C:\windows\System32\KERNELBASE.dll
0x00007ffea5f70000 - 0x00007ffea60bc000 	C:\windows\System32\ucrtbase.dll
0x00007ffe8db20000 - 0x00007ffe8db3b000 	C:\Program Files\Java\jdk-21\bin\VCRUNTIME140.dll
0x00007ffe7fd90000 - 0x00007ffe7fda9000 	C:\Program Files\Java\jdk-21\bin\jli.dll
0x00007ffea7e30000 - 0x00007ffea7ee6000 	C:\windows\System32\ADVAPI32.dll
0x00007ffea7d80000 - 0x00007ffea7e29000 	C:\windows\System32\msvcrt.dll
0x00007ffea6f30000 - 0x00007ffea6fda000 	C:\windows\System32\sechost.dll
0x00007ffea6e10000 - 0x00007ffea6f28000 	C:\windows\System32\RPCRT4.dll
0x00007ffea6bb0000 - 0x00007ffea6d77000 	C:\windows\System32\USER32.dll
0x00007ffea62a0000 - 0x00007ffea62c7000 	C:\windows\System32\win32u.dll
0x00007ffea7ef0000 - 0x00007ffea7f1b000 	C:\windows\System32\GDI32.dll
0x00007ffea60c0000 - 0x00007ffea61eb000 	C:\windows\System32\gdi32full.dll
0x00007ffe87cf0000 - 0x00007ffe87f82000 	C:\windows\WinSxS\amd64_microsoft.windows.common-controls_6595b64144ccf1df_6.0.26100.8521_none_3e08b75ce33403b3\COMCTL32.dll
0x00007ffea62d0000 - 0x00007ffea6373000 	C:\windows\System32\msvcp_win.dll
0x00007ffe9d620000 - 0x00007ffe9d62b000 	C:\windows\SYSTEM32\VERSION.dll
0x00007ffea6990000 - 0x00007ffea69c2000 	C:\windows\System32\IMM32.DLL
0x00007ffea06e0000 - 0x00007ffea06ec000 	C:\Program Files\Java\jdk-21\bin\vcruntime140_1.dll
0x00007ffe37f30000 - 0x00007ffe37fbe000 	C:\Program Files\Java\jdk-21\bin\msvcp140.dll
0x00007ffe29340000 - 0x00007ffe2a05d000 	C:\Program Files\Java\jdk-21\bin\server\jvm.dll
0x00007ffea67f0000 - 0x00007ffea6870000 	C:\windows\System32\WS2_32.dll
0x00007ffea5790000 - 0x00007ffea57ee000 	C:\windows\SYSTEM32\POWRPROF.dll
0x00007ffe9d5e0000 - 0x00007ffe9d616000 	C:\windows\SYSTEM32\WINMM.dll
0x00007ffea5770000 - 0x00007ffea5784000 	C:\windows\SYSTEM32\UMPDC.dll
0x00007ffea46c0000 - 0x00007ffea46db000 	C:\windows\SYSTEM32\kernel.appcore.dll
0x00007ffe96c80000 - 0x00007ffe96c8a000 	C:\Program Files\Java\jdk-21\bin\jimage.dll
0x00007ffe97ac0000 - 0x00007ffe97d02000 	C:\windows\SYSTEM32\DBGHELP.DLL
0x00007ffea80e0000 - 0x00007ffea8463000 	C:\windows\System32\combase.dll
0x00007ffea7470000 - 0x00007ffea7549000 	C:\windows\System32\OLEAUT32.dll
0x00007ffe871c0000 - 0x00007ffe871fb000 	C:\windows\SYSTEM32\dbgcore.DLL
0x00007ffea61f0000 - 0x00007ffea6298000 	C:\windows\System32\bcryptPrimitives.dll
0x00007ffe96c30000 - 0x00007ffe96c3f000 	C:\Program Files\Java\jdk-21\bin\instrument.dll
0x00007ffe6afe0000 - 0x00007ffe6afff000 	C:\Program Files\Java\jdk-21\bin\java.dll
0x00007ffe69e60000 - 0x00007ffe69e78000 	C:\Program Files\Java\jdk-21\bin\zip.dll
0x00007ffea75e0000 - 0x00007ffea7d64000 	C:\windows\System32\SHELL32.dll
0x00007ffea34c0000 - 0x00007ffea3d40000 	C:\windows\SYSTEM32\windows.storage.dll
0x00007ffea8560000 - 0x00007ffea8656000 	C:\windows\System32\SHCORE.dll
0x00007ffea6410000 - 0x00007ffea6477000 	C:\windows\System32\shlwapi.dll
0x00007ffea5850000 - 0x00007ffea5879000 	C:\windows\SYSTEM32\profapi.dll
0x00007ffe313b0000 - 0x00007ffe31487000 	C:\Program Files\Java\jdk-21\bin\jsvml.dll
0x00007ffe89560000 - 0x00007ffe89570000 	C:\Program Files\Java\jdk-21\bin\net.dll
0x00007ffe9d470000 - 0x00007ffe9d599000 	C:\windows\SYSTEM32\WINHTTP.dll
0x00007ffea4c30000 - 0x00007ffea4c9c000 	C:\windows\system32\mswsock.dll
0x00007ffe65d50000 - 0x00007ffe65d66000 	C:\Program Files\Java\jdk-21\bin\nio.dll
0x00007ffea4170000 - 0x00007ffea42ba000 	C:\windows\SYSTEM32\DNSAPI.dll
0x00007ffea4a30000 - 0x00007ffea4a3d000 	C:\windows\SYSTEM32\DSPARSE.dll
0x00007ffea40d0000 - 0x00007ffea4103000 	C:\windows\SYSTEM32\IPHLPAPI.DLL
0x00007ffea7550000 - 0x00007ffea755a000 	C:\windows\System32\NSI.dll
0x00007ffe861d0000 - 0x00007ffe861d9000 	C:\Program Files\Java\jdk-21\bin\extnet.dll
0x00007ffe9a730000 - 0x00007ffe9a73b000 	C:\Windows\System32\rasadhlp.dll
0x00007ffe9e450000 - 0x00007ffe9e4d6000 	C:\windows\System32\fwpuclnt.dll
0x00007ffe860e0000 - 0x00007ffe860ea000 	C:\Program Files\Java\jdk-21\bin\management.dll
0x00007ffe81840000 - 0x00007ffe81850000 	C:\Program Files\Java\jdk-21\bin\verify.dll
0x00007ffe65d40000 - 0x00007ffe65d4b000 	C:\Program Files\Java\jdk-21\bin\management_ext.dll
0x00007ffea6880000 - 0x00007ffea6888000 	C:\windows\System32\PSAPI.DLL
0x00007ffea4f10000 - 0x00007ffea4f2b000 	C:\windows\SYSTEM32\CRYPTSP.dll
0x00007ffea4620000 - 0x00007ffea4659000 	C:\windows\system32\rsaenh.dll
0x00007ffea4ce0000 - 0x00007ffea4d13000 	C:\windows\SYSTEM32\USERENV.dll
0x00007ffea5820000 - 0x00007ffea584a000 	C:\windows\SYSTEM32\bcrypt.dll
0x00007ffea4f30000 - 0x00007ffea4f3c000 	C:\windows\SYSTEM32\CRYPTBASE.dll
0x00007ffe81850000 - 0x00007ffe81868000 	C:\windows\system32\napinsp.dll
0x00007ffe816f0000 - 0x00007ffe81703000 	C:\windows\System32\winrnr.dll
0x00007ffe814e0000 - 0x00007ffe81502000 	C:\windows\system32\nlansp_c.dll
0x00007ffe9a930000 - 0x00007ffe9a946000 	C:\windows\system32\wshbth.dll
0x00007ffe8b390000 - 0x00007ffe8b3e8000 	C:\windows\SYSTEM32\pdh.dll
0x00007ffe65d20000 - 0x00007ffe65d2e000 	C:\Program Files\Java\jdk-21\bin\sunmscapi.dll
0x00007ffea5d30000 - 0x00007ffea5ea8000 	C:\windows\System32\CRYPT32.dll
0x00007ffea5130000 - 0x00007ffea5160000 	C:\windows\SYSTEM32\ncrypt.dll
0x00007ffea50e0000 - 0x00007ffea511f000 	C:\windows\SYSTEM32\NTASN1.dll
0x00007ffe7d480000 - 0x00007ffe7d492000 	C:\windows\System32\perfproc.dll
0x00007ffe66270000 - 0x00007ffe66278000 	C:\windows\system32\wshunix.dll
0x00007ffe7d460000 - 0x00007ffe7d471000 	C:\windows\System32\perfos.dll
0x00007ffea3d70000 - 0x00007ffea3d82000 	C:\windows\SYSTEM32\pfclient.dll

dbghelp: loaded successfully - version: 4.0.5 - missing functions: none
symbol engine: initialized successfully - sym options: 0x614 - pdb path: .;C:\Program Files\Java\jdk-21\bin;C:\windows\SYSTEM32;C:\windows\WinSxS\amd64_microsoft.windows.common-controls_6595b64144ccf1df_6.0.26100.8521_none_3e08b75ce33403b3;C:\Program Files\Java\jdk-21\bin\server

VM Arguments:
jvm_args: -javaagent:C:\Users\asher\AppData\Local\JetBrains\IntelliJIdea2026.1\captureAgent\debugger-agent.jar=file:///C:/Users/asher/AppData/Local/Temp/capture17536387792042237275.props -ea -Didea.test.cyclic.buffer.size=1048576 -javaagent:C:\Program Files\JetBrains\IntelliJ IDEA 2026.1.4\lib\idea_rt.jar=60996 -Dkotlinx.coroutines.debug.enable.creation.stack.trace=false -Ddebugger.agent.enable.coroutines=true -Dkotlinx.coroutines.debug.enable.flows.stack.trace=true -Dkotlinx.coroutines.debug.enable.mutable.state.flows.stack.trace=true -Ddebugger.async.stack.trace.for.all.threads=true -Dfile.encoding=UTF-8 -Dsun.stdout.encoding=UTF-8 -Dsun.stderr.encoding=UTF-8 
java_command: com.intellij.rt.testng.RemoteTestNGStarter -usedefaultlisteners false -socket60995 @w@C:\Users\asher\AppData\Local\Temp\idea_working_dirs_testng.tmp -temp C:\Users\asher\AppData\Local\Temp\idea_testng.tmp
java_class_path (initial): C:\Program Files\JetBrains\IntelliJ IDEA 2026.1.4\lib\idea_rt.jar;C:\Program Files\JetBrains\IntelliJ IDEA 2026.1.4\plugins\testng\lib\testng-rt.jar;C:\Jerry\Automation\automationexercise_selenium_java\automationexercise_selenium\target\test-classes;C:\Jerry\Automation\automationexercise_selenium_java\automationexercise_selenium\target\classes;C:\Users\asher\.m2\repository\org\seleniumhq\selenium\selenium-java\4.22.0\selenium-java-4.22.0.jar;C:\Users\asher\.m2\repository\org\seleniumhq\selenium\selenium-api\4.22.0\selenium-api-4.22.0.jar;C:\Users\asher\.m2\repository\org\seleniumhq\selenium\selenium-chrome-driver\4.22.0\selenium-chrome-driver-4.22.0.jar;C:\Users\asher\.m2\repository\com\google\auto\service\auto-service-annotations\1.1.1\auto-service-annotations-1.1.1.jar;C:\Users\asher\.m2\repository\org\seleniumhq\selenium\selenium-chromium-driver\4.22.0\selenium-chromium-driver-4.22.0.jar;C:\Users\asher\.m2\repository\org\seleniumhq\selenium\selenium-json\4.22.0\selenium-json-4.22.0.jar;C:\Users\asher\.m2\repository\org\seleniumhq\selenium\selenium-manager\4.22.0\selenium-manager-4.22.0.jar;C:\Users\asher\.m2\repository\org\seleniumhq\selenium\selenium-devtools-v124\4.22.0\selenium-devtools-v124-4.22.0.jar;C:\Users\asher\.m2\repository\org\seleniumhq\selenium\selenium-devtools-v125\4.22.0\selenium-devtools-v125-4.22.0.jar;C:\Users\asher\.m2\repository\org\seleniumhq\selenium\selenium-devtools-v126\4.22.0\selenium-devtools-v126-4.22.0.jar;C:\Users\asher\.m2\repository\org\seleniumhq\selenium\selenium-devtools-v85\4.22.0\selenium-devtools-v85-4.22.0.jar;C:\Users\asher\.m2\repository\org\seleniumhq\selenium\selenium-edge-driver\4.22.0\selenium-edge-driver-4.22.0.jar;C:\Users\asher\.m2\repository\org\seleniumhq\selenium\selenium-firefox-driver\4.22.0\selenium-firefox-driver-4.22.0.jar;C:\Users\asher\.m2\repository\org\seleniumhq\selenium\selenium-http\4.22.0\selenium-http-4.22.0.jar;C:\Users\asher\.m2\repository\dev\failsafe\failsafe\3.3.2\failsafe-3.3.2.jar;C:\Users\asher\.m2\repository\org\seleniumhq\selenium\selenium-ie-driver\4.22.0\selenium-ie-driver-4.22.0.jar;C:\Users\asher\.m2\repository\org\seleniumhq\selenium\selenium-remote-driver\4.22.0\selenium-remote-driver-4.22.0.jar;C:\Users\asher\.m2\repository\com\google\guava\guava\33.2.1-jre\guava-33.2.1-jre.jar;C:\Users\asher\.m2\repository\com\google\guava\failureaccess\1.0.2\failureaccess-1.0.2.jar;C:\Users\asher\.m2\repository\com\google\guava\listenablefuture\9999.0-empty-to-avoid-conflict-with-guava\listenablefuture-9999.0-empty-to-avoid-conflict-with-guava.jar;C:\Users\asher\.m2\repository\com\google\code\findbugs\jsr305\3.0.2\jsr305-3.0.2.jar;C:\Users\asher\.m2\repository\org\checkerframework\checker-qual\3.42.0\checker-qual-3.42.0.jar;C:\Users\asher\.m2\repository\com\google\errorprone\error_prone_annotations\2.26.1\error_prone_annotations-2.26.1.jar;C:\Users\asher\.m2\repository\com\google\j2objc\j2objc-annotations\3.0.0\j2objc-annotations-3.0.0.jar;C:\Users\asher\.m2\repository\io\opentelemetry\semconv\opentelemetry-semconv\1.25.0-alpha\opentelemetry-semconv-1.25.0-alpha.jar;C:\Users\asher\.m2\repository\io\opentelemetry\opentelemetry-api\1.39.0\opentelemetry-api-1.39.0.jar;C:\Users\asher\.m2\repository\io\opentelemetry\opentelemetry-context\1.39.0\opentelemetry-context-1.39.0.jar;C:\Users\asher\.m2\repository\io\opentelemetry\opentelemetry-exporter-logging\1.39.0\opentelemetry-exporter-logging-1.39.0.jar;C:\Users\asher\.m2\repository\io\opentelemetry\opentelemetry-sdk-common\1.39.0\opentelemetry-sdk-common-1.39.0.jar;C:\Users\asher\.m2\repository\io\opentelemetry\opentelemetry-sdk-extension-autoconfigure-spi\1.39.0\opentelemetry-sdk-extension-autoconfigure-spi-1.39.0.jar;C:\Users\asher\.m2\repository\io\opentelemetry\opentelemetry-sdk-extension-autoconfigure\1.39.0\opentelemetry-sdk-extension-autoconfigure-1.39.0.jar;C:\Users\asher\.m2\repository\io\opentelemetry\opentelemetry-api-incubator\1.39.0-alpha\opentelemetry-api-incubator-1.39.0-alpha.jar;C:\Users\asher\.m2\repository\io\opentelemetry\opentelemetry-sdk-trace\1.39.0\opentelemetry-sdk-trace-1.39.0.jar;C:\Users\asher\.m2\repository\io\opentelemetry\opentelemetry-sdk\1.39.0\opentelemetry-sdk-1.39.0.jar;C:\Users\asher\.m2\repository\io\opentelemetry\opentelemetry-sdk-metrics\1.39.0\opentelemetry-sdk-metrics-1.39.0.jar;C:\Users\asher\.m2\repository\io\opentelemetry\opentelemetry-sdk-logs\1.39.0\opentelemetry-sdk-logs-1.39.0.jar;C:\Users\asher\.m2\repository\net\bytebuddy\byte-buddy\1.14.17\byte-buddy-1.14.17.jar;C:\Users\asher\.m2\repository\org\seleniumhq\selenium\selenium-os\4.22.0\selenium-os-4.22.0.jar;C:\Users\asher\.m2\repository\org\apache\commons\commons-exec\1.4.0\commons-exec-1.4.0.jar;C:\Users\asher\.m2\repository\org\seleniumhq\selenium\selenium-safari-driver\4.22.0\selenium-safari-driver-4.22.0.jar;C:\Users\asher\.m2\repository\org\seleniumhq\selenium\selenium-support\4.22.0\selenium-support-4.22.0.jar;C:\Users\asher\.m2\repository\org\testng\testng\7.10.2\testng-7.10.2.jar;C:\Users\asher\.m2\repository\org\slf4j\slf4j-api\1.7.36\slf4j-api-1.7.36.jar;C:\Users\asher\.m2\repository\com\beust\jcommander\1.82\jcommander-1.82.jar;C:\Users\asher\.m2\repository\org\webjars\jquery\3.7.1\jquery-3.7.1.jar
Launcher Type: SUN_STANDARD

[Global flags]
     intx CICompilerCount                          = 4                                         {product} {ergonomic}
     uint ConcGCThreads                            = 3                                         {product} {ergonomic}
     uint G1ConcRefinementThreads                  = 10                                        {product} {ergonomic}
   size_t G1HeapRegionSize                         = 1048576                                   {product} {ergonomic}
    uintx GCDrainStackTargetSize                   = 64                                        {product} {ergonomic}
   size_t InitialHeapSize                          = 123731968                                 {product} {ergonomic}
   size_t MarkStackSize                            = 4194304                                   {product} {ergonomic}
   size_t MaxHeapSize                              = 1971322880                                {product} {ergonomic}
   size_t MaxNewSize                               = 1182793728                                {product} {ergonomic}
   size_t MinHeapDeltaBytes                        = 1048576                                   {product} {ergonomic}
   size_t MinHeapSize                              = 8388608                                   {product} {ergonomic}
    uintx NonNMethodCodeHeapSize                   = 5839372                                {pd product} {ergonomic}
    uintx NonProfiledCodeHeapSize                  = 122909434                              {pd product} {ergonomic}
    uintx ProfiledCodeHeapSize                     = 122909434                              {pd product} {ergonomic}
    uintx ReservedCodeCacheSize                    = 251658240                              {pd product} {ergonomic}
     bool SegmentedCodeCache                       = true                                      {product} {ergonomic}
   size_t SoftMaxHeapSize                          = 1971322880                             {manageable} {ergonomic}
     bool UseCompressedOops                        = true                           {product lp64_product} {ergonomic}
     bool UseG1GC                                  = true                                      {product} {ergonomic}
     bool UseLargePagesIndividualAllocation        = false                                  {pd product} {ergonomic}

Logging:
Log output configuration:
 #0: stdout all=warning uptime,level,tags foldmultilines=false
 #1: stderr all=off uptime,level,tags foldmultilines=false

Environment Variables:
PATH=C:\Program Files\Common Files\Oracle\Java\javapath;C:\windows\system32;C:\windows;C:\windows\System32\Wbem;C:\windows\System32\WindowsPowerShell\v1.0\;C:\windows\System32\OpenSSH\;C:\Program Files\Git\cmd;C:\Program Files\nodejs\;C:\Program Files\apache-maven-3.9.12\bin;C:\Program Files\gradle-9.3.1\bin;C:\Program Files\Amazon\AWSCLIV2\;C:\Users\asher\AppData\Local\Programs\Python\Python314\Scripts\;C:\Users\asher\AppData\Local\Programs\Python\Python314\;C:\Users\asher\AppData\Local\Programs\Python\Python313\Scripts\;C:\Users\asher\AppData\Local\Programs\Python\Python313\;C:\Users\asher\AppData\Local\Microsoft\WindowsApps;C:\Users\asher\AppData\Local\Programs\Microsoft VS Code\bin;C:\Users\asher\AppData\Local\GitHubDesktop\bin;C:\Users\asher\AppData\Roaming\npm;C:\Users\asher\AppData\Local\Programs\Antigravity\bin;C:\Users\asher\AppData\Local\spicetify;C:\Users\asher\AppData\Local\Programs\Antigravity IDE\bin;C:\Program Files\;C:\Program Files\MongoDB\Tools\100\bin;C:\Program Files\JetBrains\IntelliJ IDEA 2026.1.4\bin
USERNAME=asher
OS=Windows_NT
PROCESSOR_IDENTIFIER=AMD64 Family 25 Model 80 Stepping 0, AuthenticAMD
TMP=C:\Users\asher\AppData\Local\Temp
TEMP=C:\Users\asher\AppData\Local\Temp




Periodic native trim disabled

---------------  S Y S T E M  ---------------

OS:
 Windows 11 , 64 bit Build 26100 (10.0.26100.8521)
OS uptime: 0 days 5:15 hours
Hyper-V role detected

CPU: total 12 (initial active 12) (12 cores per cpu, 2 threads per core) family 25 model 80 stepping 0 microcode 0xa500011, cx8, cmov, fxsr, ht, mmx, 3dnowpref, sse, sse2, sse3, ssse3, sse4a, sse4.1, sse4.2, popcnt, lzcnt, tsc, tscinvbit, avx, avx2, aes, erms, clmul, bmi1, bmi2, adx, sha, fma, vzeroupper, clflush, clflushopt, hv, rdtscp, rdpid, fsrm, f16c, cet_ss
Processor Information for all 12 processors :
  Max Mhz: 3301, Current Mhz: 3301, Mhz Limit: 3301

Memory: 4k page, system-wide physical 7518M (712M free)
TotalPageFile size 20796M (AvailPageFile size 1M)
current process WorkingSet (physical memory assigned to process): 129M, peak: 160M
current process commit charge ("private bytes"): 183M, peak: 275M

vm_info: Java HotSpot(TM) 64-Bit Server VM (21.0.9+7-LTS-338) for windows-amd64 JRE (21.0.9+7-LTS-338), built on 2025-09-26T06:33:49Z by "mach5run" with MS VC++ 17.6 (VS2022)

END.
